#
# There is insufficient memory for the Java Runtime Environment to continue.
# Native memory allocation (mmap) failed to map 234881024 bytes for G1 virtual space
# Possible reasons:
#   The system is out of physical RAM or swap space
#   The process is running with CompressedOops enabled, and the Java Heap may be blocking the growth of the native heap
# Possible solutions:
#   Reduce memory load on the system
#   Increase physical memory or swap space
#   Check if swap backing store is full
#   Decrease Java heap size (-Xmx/-Xms)
#   Decrease number of Java threads
#   Decrease Java thread stack sizes (-Xss)
#   Set larger code cache with -XX:ReservedCodeCacheSize=
#   JVM is running with Zero Based Compressed Oops mode in which the Java heap is
#     placed in the first 32GB address space. The Java Heap base address is the
#     maximum limit for the native heap growth. Please use -XX:HeapBaseMinAddress
#     to set the Java Heap base and to place the Java Heap above 32GB virtual address.
# This output file may be truncated or incomplete.
#
#  Out of Memory Error (os_windows.cpp:3559), pid=26432, tid=26496
#
# JRE version:  (17.0.7+7) (build )
# Java VM: OpenJDK 64-Bit Server VM (17.0.7+7, mixed mode, sharing, tiered, compressed oops, compressed class ptrs, g1 gc, windows-amd64)
# No core dump will be written. Minidumps are not enabled by default on client versions of Windows
#

---------------  S U M M A R Y ------------

Command Line: -Dfile.encoding=UTF-8 -XX:+ShowCodeDetailsInExceptionMessages start.Frame

Host: AMD Ryzen 5 3400G with Radeon Vega Graphics    , 8 cores, 13G,  Windows 10 , 64 bit Build 19041 (10.0.19041.3155)
Time: Mon Aug 28 21:04:05 2023 Bangladesh Standard Time elapsed time: 0.012660 seconds (0d 0h 0m 0s)

---------------  T H R E A D  ---------------

Current thread (0x000001d8b8448720):  JavaThread "Unknown thread" [_thread_in_vm, id=26496, stack(0x0000000c51300000,0x0000000c51400000)]

Stack: [0x0000000c51300000,0x0000000c51400000]
Native frames: (J=compiled Java code, j=interpreted, Vv=VM code, C=native code)
V  [jvm.dll+0x67754a]
V  [jvm.dll+0x834304]
V  [jvm.dll+0x835aae]
V  [jvm.dll+0x836113]
V  [jvm.dll+0x24696f]
V  [jvm.dll+0x6743f9]
V  [jvm.dll+0x668c8a]
V  [jvm.dll+0x3061bb]
V  [jvm.dll+0x30d6a6]
V  [jvm.dll+0x35cece]
V  [jvm.dll+0x35d0ff]
V  [jvm.dll+0x2dd048]
V  [jvm.dll+0x2ddfb4]
V  [jvm.dll+0x8066d1]
V  [jvm.dll+0x36ac91]
V  [jvm.dll+0x7e5cec]
V  [jvm.dll+0x3ed56f]
V  [jvm.dll+0x3ef0a1]
C  [jli.dll+0x528b]
C  [ucrtbase.dll+0x21bb2]
C  [KERNEL32.DLL+0x17614]
C  [ntdll.dll+0x526b1]


---------------  P R O C E S S  ---------------

Threads class SMR info:
_java_thread_list=0x00007ffe376e7018, length=0, elements={
}

Java Threads: ( => current thread )

Other Threads:
  0x000001d8b84aca40 GCTaskThread "GC Thread#0" [stack: 0x0000000c51400000,0x0000000c51500000] [id=26500]
  0x000001d8b84bbff0 ConcurrentGCThread "G1 Main Marker" [stack: 0x0000000c51500000,0x0000000c51600000] [id=26504]
  0x000001d8b84bca00 ConcurrentGCThread "G1 Conc#0" [stack: 0x0000000c51600000,0x0000000c51700000] [id=26508]

[error occurred during error reporting (printing all threads), id 0xc0000005, EXCEPTION_ACCESS_VIOLATION (0xc0000005) at pc=0x00007ffe36ebdaf7]

VM state: not at safepoint (not fully initialized)

VM Mutex/Monitor currently owned by a thread:  ([mutex/lock_event])
[0x000001d8b84446b0] Heap_lock - owner thread: 0x000001d8b8448720

Heap address: 0x0000000721200000, size: 3566 MB, Compressed Oops mode: Zero based, Oop shift amount: 3

CDS archive(s) mapped at: [0x0000000000000000-0x0000000000000000-0x0000000000000000), size 0, SharedBaseAddress: 0x0000000800000000, ArchiveRelocationMode: 0.
Narrow klass base: 0x0000000000000000, Narrow klass shift: 0, Narrow klass range: 0x0

GC Precious Log:
<Empty>

Heap:
 garbage-first heap   total 0K, used 0K [0x0000000721200000, 0x0000000800000000)
  region size 2048K, 0 young (0K), 0 survivors (0K)

[error occurred during error reporting (printing heap information), id 0xc0000005, EXCEPTION_ACCESS_VIOLATION (0xc0000005) at pc=0x00007ffe372a0db9]

GC Heap History (0 events):
No events

Dll operation events (1 events):
Event: 0.007 Loaded shared library C:\Users\princ\.p2\pool\plugins\org.eclipse.justj.openjdk.hotspot.jre.full.win32.x86_64_17.0.7.v20230425-1502\jre\bin\java.dll

Deoptimization events (0 events):
No events

Classes unloaded (0 events):
No events

Classes redefined (0 events):
No events

Internal exceptions (0 events):
No events

VM Operations (0 events):
No events

Events (0 events):
No events


Dynamic libraries:
0x00007ff749d70000 - 0x00007ff749d7e000 	C:\Users\princ\.p2\pool\plugins\org.eclipse.justj.openjdk.hotspot.jre.full.win32.x86_64_17.0.7.v20230425-1502\jre\bin\javaw.exe
0x00007ffeba510000 - 0x00007ffeba708000 	C:\WINDOWS\SYSTEM32\ntdll.dll
0x00007ffeb8820000 - 0x00007ffeb88df000 	C:\WINDOWS\System32\KERNEL32.DLL
0x00007ffeb8270000 - 0x00007ffeb8566000 	C:\WINDOWS\System32\KERNELBASE.dll
0x00007ffeb8040000 - 0x00007ffeb8140000 	C:\WINDOWS\System32\ucrtbase.dll
0x00007ffea0dd0000 - 0x00007ffea0de9000 	C:\Users\princ\.p2\pool\plugins\org.eclipse.justj.openjdk.hotspot.jre.full.win32.x86_64_17.0.7.v20230425-1502\jre\bin\VCRUNTIME140.dll
0x00007ffea0cd0000 - 0x00007ffea0ce7000 	C:\Users\princ\.p2\pool\plugins\org.eclipse.justj.openjdk.hotspot.jre.full.win32.x86_64_17.0.7.v20230425-1502\jre\bin\jli.dll
0x00007ffeb8e80000 - 0x00007ffeb901d000 	C:\WINDOWS\System32\USER32.dll
0x00007ffea06f0000 - 0x00007ffea098a000 	C:\WINDOWS\WinSxS\amd64_microsoft.windows.common-controls_6595b64144ccf1df_6.0.19041.1110_none_60b5254171f9507e\COMCTL32.dll
0x00007ffeb7bf0000 - 0x00007ffeb7c12000 	C:\WINDOWS\System32\win32u.dll
0x00007ffeb9cf0000 - 0x00007ffeb9d8e000 	C:\WINDOWS\System32\msvcrt.dll
0x00007ffeb92a0000 - 0x00007ffeb92cc000 	C:\WINDOWS\System32\GDI32.dll
0x00007ffeb7ed0000 - 0x00007ffeb7fe5000 	C:\WINDOWS\System32\gdi32full.dll
0x00007ffeb7e30000 - 0x00007ffeb7ecd000 	C:\WINDOWS\System32\msvcp_win.dll
0x00007ffeb88e0000 - 0x00007ffeb8910000 	C:\WINDOWS\System32\IMM32.DLL
0x00007ffea0d10000 - 0x00007ffea0d1c000 	C:\Users\princ\.p2\pool\plugins\org.eclipse.justj.openjdk.hotspot.jre.full.win32.x86_64_17.0.7.v20230425-1502\jre\bin\vcruntime140_1.dll
0x00007ffe9c0e0000 - 0x00007ffe9c171000 	C:\Users\princ\.p2\pool\plugins\org.eclipse.justj.openjdk.hotspot.jre.full.win32.x86_64_17.0.7.v20230425-1502\jre\bin\msvcp140.dll
0x00007ffe36bd0000 - 0x00007ffe37818000 	C:\Users\princ\.p2\pool\plugins\org.eclipse.justj.openjdk.hotspot.jre.full.win32.x86_64_17.0.7.v20230425-1502\jre\bin\server\jvm.dll
0x00007ffeb9480000 - 0x00007ffeb952f000 	C:\WINDOWS\System32\ADVAPI32.dll
0x00007ffeb8910000 - 0x00007ffeb89ac000 	C:\WINDOWS\System32\sechost.dll
0x00007ffeb85d0000 - 0x00007ffeb86f6000 	C:\WINDOWS\System32\RPCRT4.dll
0x00007ffeb02f0000 - 0x00007ffeb02fa000 	C:\WINDOWS\SYSTEM32\VERSION.dll
0x00007ffeb02c0000 - 0x00007ffeb02e7000 	C:\WINDOWS\SYSTEM32\WINMM.dll
0x00007ffea1cc0000 - 0x00007ffea1cc9000 	C:\WINDOWS\SYSTEM32\WSOCK32.dll
0x00007ffeb9530000 - 0x00007ffeb959b000 	C:\WINDOWS\System32\WS2_32.dll
0x00007ffeb5ab0000 - 0x00007ffeb5ac2000 	C:\WINDOWS\SYSTEM32\kernel.appcore.dll
0x00007ffea7410000 - 0x00007ffea741a000 	C:\Users\princ\.p2\pool\plugins\org.eclipse.justj.openjdk.hotspot.jre.full.win32.x86_64_17.0.7.v20230425-1502\jre\bin\jimage.dll
0x00007ffeaf870000 - 0x00007ffeafa54000 	C:\WINDOWS\SYSTEM32\DBGHELP.DLL
0x00007ffea1c30000 - 0x00007ffea1c64000 	C:\WINDOWS\SYSTEM32\dbgcore.DLL
0x00007ffeb81e0000 - 0x00007ffeb8262000 	C:\WINDOWS\System32\bcryptPrimitives.dll
0x00007ffea71c0000 - 0x00007ffea71e5000 	C:\Users\princ\.p2\pool\plugins\org.eclipse.justj.openjdk.hotspot.jre.full.win32.x86_64_17.0.7.v20230425-1502\jre\bin\java.dll

dbghelp: loaded successfully - version: 4.0.5 - missing functions: none
symbol engine: initialized successfully - sym options: 0x614 - pdb path: .;C:\Users\princ\.p2\pool\plugins\org.eclipse.justj.openjdk.hotspot.jre.full.win32.x86_64_17.0.7.v20230425-1502\jre\bin;C:\WINDOWS\SYSTEM32;C:\WINDOWS\WinSxS\amd64_microsoft.windows.common-controls_6595b64144ccf1df_6.0.19041.1110_none_60b5254171f9507e;C:\Users\princ\.p2\pool\plugins\org.eclipse.justj.openjdk.hotspot.jre.full.win32.x86_64_17.0.7.v20230425-1502\jre\bin\server

VM Arguments:
jvm_args: -Dfile.encoding=UTF-8 -XX:+ShowCodeDetailsInExceptionMessages 
java_command: start.Frame
java_class_path (initial): E:\Study\2nd Semester\Codes\eclipse-workspace\BloodEasy\bin
Launcher Type: SUN_STANDARD

[Global flags]
     intx CICompilerCount                          = 4                                         {product} {ergonomic}
     uint ConcGCThreads                            = 2                                         {product} {ergonomic}
     uint G1ConcRefinementThreads                  = 8                                         {product} {ergonomic}
   size_t G1HeapRegionSize                         = 2097152                                   {product} {ergonomic}
    uintx GCDrainStackTargetSize                   = 64                                        {product} {ergonomic}
   size_t InitialHeapSize                          = 234881024                                 {product} {ergonomic}
   size_t MarkStackSize                            = 4194304                                   {product} {ergonomic}
   size_t MaxHeapSize                              = 3739222016                                {product} {ergonomic}
   size_t MinHeapDeltaBytes                        = 2097152                                   {product} {ergonomic}
   size_t MinHeapSize                              = 8388608                                   {product} {ergonomic}
    uintx NonNMethodCodeHeapSize                   = 5839372                                {pd product} {ergonomic}
    uintx NonProfiledCodeHeapSize                  = 122909434                              {pd product} {ergonomic}
    uintx ProfiledCodeHeapSize                     = 122909434                              {pd product} {ergonomic}
    uintx ReservedCodeCacheSize                    = 251658240                              {pd product} {ergonomic}
     bool SegmentedCodeCache                       = true                                      {product} {ergonomic}
     bool ShowCodeDetailsInExceptionMessages       = true                                   {manageable} {command line}
   size_t SoftMaxHeapSize                          = 3739222016                             {manageable} {ergonomic}
     bool UseCompressedClassPointers               = true                           {product lp64_product} {ergonomic}
     bool UseCompressedOops                        = true                           {product lp64_product} {ergonomic}
     bool UseG1GC                                  = true                                      {product} {ergonomic}
     bool UseLargePagesIndividualAllocation        = false                                  {pd product} {ergonomic}

Logging:
Log output configuration:
 #0: stdout all=warning uptime,level,tags
 #1: stderr all=off uptime,level,tags

Environment Variables:
PATH=C:/Users/princ/.p2/pool/plugins/org.eclipse.justj.openjdk.hotspot.jre.full.win32.x86_64_17.0.7.v20230425-1502/jre/bin/server;C:/Users/princ/.p2/pool/plugins/org.eclipse.justj.openjdk.hotspot.jre.full.win32.x86_64_17.0.7.v20230425-1502/jre/bin;C:\WINDOWS\system32;C:\WINDOWS;C:\WINDOWS\System32\Wbem;C:\WINDOWS\System32\WindowsPowerShell\v1.0\;C:\WINDOWS\System32\OpenSSH\;C:\Program Files\dotnet\;C:\Program Files\w64devkit\bin;C:\Users\princ\AppData\Local\Microsoft\WindowsApps;;C:\Users\princ\OneDrive\Desktop;
USERNAME=princ
OS=Windows_NT
PROCESSOR_IDENTIFIER=AMD64 Family 23 Model 24 Stepping 1, AuthenticAMD
TMP=C:\Users\princ\AppData\Local\Temp
TEMP=C:\Users\princ\AppData\Local\Temp



---------------  S Y S T E M  ---------------

OS:
 Windows 10 , 64 bit Build 19041 (10.0.19041.3155)
OS uptime: 0 days 3:29 hours

CPU: total 8 (initial active 8) (8 cores per cpu, 2 threads per core) family 23 model 24 stepping 1 microcode 0x0, cx8, cmov, fxsr, ht, mmx, 3dnowpref, sse, sse2, sse3, ssse3, sse4a, sse4.1, sse4.2, popcnt, lzcnt, tsc, tscinvbit, avx, avx2, aes, clmul, bmi1, bmi2, adx, sha, fma, vzeroupper, clflush, clflushopt

Memory: 4k page, system-wide physical 14261M (4777M free)
TotalPageFile size 44528M (AvailPageFile size 92M)
current process WorkingSet (physical memory assigned to process): 10M, peak: 10M
current process commit charge ("private bytes"): 60M, peak: 284M

vm_info: OpenJDK 64-Bit Server VM (17.0.7+7) for windows-amd64 JRE (17.0.7+7), built on Apr 18 2023 22:10:42 by "temurin" with MS VC++ 16.7 (VS2019)

END.
